::1 - - [05/May/2024:09:29:24 +0000] "POST /post HTTP/1.1" 401 25 "-" "PostmanRuntime/7.37.3"
::1 - - [05/May/2024:09:30:24 +0000] "POST /post HTTP/1.1" 400 523 "-" "PostmanRuntime/7.37.3"
::1 - - [05/May/2024:09:30:44 +0000] "GET /post HTTP/1.1" 404 18 "-" "PostmanRuntime/7.37.3"
::1 - - [05/May/2024:09:30:52 +0000] "GET /post/pending HTTP/1.1" 400 37 "-" "PostmanRuntime/7.37.3"
::1 - - [05/May/2024:09:30:57 +0000] "GET /post/approved HTTP/1.1" 400 37 "-" "PostmanRuntime/7.37.3"
::1 - - [05/May/2024:09:31:56 +0000] "POST /post/approved HTTP/1.1" 404 18 "-" "PostmanRuntime/7.37.3"
::1 - - [05/May/2024:09:32:29 +0000] "GET /post/pending HTTP/1.1" 400 37 "-" "PostmanRuntime/7.37.3"
::1 - - [05/May/2024:09:32:35 +0000] "GET /post/Pending HTTP/1.1" 400 37 "-" "PostmanRuntime/7.37.3"
::1 - - [05/May/2024:09:32:45 +0000] "POST /post/ HTTP/1.1" 400 523 "-" "PostmanRuntime/7.37.3"
::1 - - [05/May/2024:09:34:16 +0000] "GET /post/pending HTTP/1.1" 400 37 "-" "PostmanRuntime/7.37.3"
::1 - - [05/May/2024:09:34:27 +0000] "GET /post/approved HTTP/1.1" 400 37 "-" "PostmanRuntime/7.37.3"
::1 - - [05/May/2024:09:34:35 +0000] "GET /post?status=approved HTTP/1.1" 404 18 "-" "PostmanRuntime/7.37.3"
::1 - - [05/May/2024:09:34:40 +0000] "GET /post/approved HTTP/1.1" 400 37 "-" "PostmanRuntime/7.37.3"
::1 - - [05/May/2024:09:34:44 +0000] "GET /post/status=approved HTTP/1.1" 400 39 "-" "PostmanRuntime/7.37.3"
::1 - - [05/May/2024:09:35:16 +0000] "GET /post/approved HTTP/1.1" 400 37 "-" "PostmanRuntime/7.37.3"
::1 - - [05/May/2024:09:35:17 +0000] "GET /post/approved HTTP/1.1" 400 37 "-" "PostmanRuntime/7.37.3"
::1 - - [05/May/2024:09:35:25 +0000] "GET /post/status=pending HTTP/1.1" 400 39 "-" "PostmanRuntime/7.37.3"
::1 - - [05/May/2024:09:35:57 +0000] "GET /post/status=pending HTTP/1.1" 400 39 "-" "PostmanRuntime/7.37.3"
::1 - - [05/May/2024:09:36:26 +0000] "GET /post/pending HTTP/1.1" 400 37 "-" "PostmanRuntime/7.37.3"
::1 - - [05/May/2024:09:36:34 +0000] "GET /post/pending HTTP/1.1" 400 37 "-" "PostmanRuntime/7.37.3"
::1 - - [05/May/2024:09:37:49 +0000] "GET /post/pending?status=pending HTTP/1.1" 404 54 "-" "PostmanRuntime/7.37.3"
::1 - - [05/May/2024:09:38:27 +0000] "GET /post/postType?status=pending HTTP/1.1" 404 54 "-" "PostmanRuntime/7.37.3"
::1 - - [05/May/2024:09:38:31 +0000] "POST /post/ HTTP/1.1" 400 523 "-" "PostmanRuntime/7.37.3"
::1 - - [05/May/2024:09:38:55 +0000] "POST /post/ HTTP/1.1" 201 472 "-" "PostmanRuntime/7.37.3"
::1 - - [05/May/2024:09:39:20 +0000] "POST /post/ HTTP/1.1" 201 472 "-" "PostmanRuntime/7.37.3"
::1 - - [05/May/2024:09:41:16 +0000] "PUT /post/663753af9b23ab0688062812/approved HTTP/1.1" 404 18 "-" "PostmanRuntime/7.37.3"
::1 - - [05/May/2024:09:43:37 +0000] "PUT /post/663753af9b23ab0688062812/approved HTTP/1.1" 404 18 "-" "PostmanRuntime/7.37.3"
::1 - - [05/May/2024:09:43:43 +0000] "PUT /post/663753af9b23ab0688062812/status HTTP/1.1" 401 24 "-" "PostmanRuntime/7.37.3"
::1 - - [05/May/2024:09:43:55 +0000] "PUT /post/663753af9b23ab0688062812/status HTTP/1.1" 400 37 "-" "PostmanRuntime/7.37.3"
::1 - - [05/May/2024:09:44:18 +0000] "PUT /post/663753af9b23ab0688062812/status HTTP/1.1" 200 461 "-" "PostmanRuntime/7.37.3"
::1 - - [05/May/2024:09:45:56 +0000] "PUT /post/663753af9b23ab0688062812/status?status=approved HTTP/1.1" 400 37 "-" "PostmanRuntime/7.37.3"
::1 - - [05/May/2024:09:46:53 +0000] "PUT /post/663753af9b23ab0688062812/updateStatus HTTP/1.1" 200 461 "-" "PostmanRuntime/7.37.3"
::1 - - [05/May/2024:09:47:01 +0000] "PUT /post/663753af9b23ab0688062812/updateStatus HTTP/1.1" 200 460 "-" "PostmanRuntime/7.37.3"
::1 - - [05/May/2024:09:47:06 +0000] "PUT /post/663753af9b23ab0688062812/updateStatus HTTP/1.1" 400 37 "-" "PostmanRuntime/7.37.3"
::1 - - [05/May/2024:09:47:13 +0000] "PUT /post/663753af9b23ab0688062812/updateStatus HTTP/1.1" 200 461 "-" "PostmanRuntime/7.37.3"
::1 - - [05/May/2024:09:47:19 +0000] "PUT /post/663753af9b23ab0688062812/updateStatus HTTP/1.1" 200 461 "-" "PostmanRuntime/7.37.3"
::1 - - [05/May/2024:09:51:10 +0000] "GET /post/postType?status=pending HTTP/1.1" 404 54 "-" "PostmanRuntime/7.37.3"
::1 - - [05/May/2024:09:51:19 +0000] "GET /post/postType?status=Pending HTTP/1.1" 400 37 "-" "PostmanRuntime/7.37.3"
::1 - - [05/May/2024:09:53:23 +0000] "GET /post/postType?status=pending HTTP/1.1" 404 54 "-" "PostmanRuntime/7.37.3"
::1 - - [05/May/2024:09:53:59 +0000] "GET /post/postType?status=pending HTTP/1.1" 404 54 "-" "PostmanRuntime/7.37.3"
::1 - - [05/May/2024:09:54:54 +0000] "POST /post/ HTTP/1.1" 201 472 "-" "PostmanRuntime/7.37.3"
::1 - - [05/May/2024:09:55:13 +0000] "PUT /post/6637576e853bd150d4d8ac19/updateStatus HTTP/1.1" 200 461 "-" "PostmanRuntime/7.37.3"
::1 - - [05/May/2024:09:55:23 +0000] "PUT /post/663753af9b23ab0688062812/updateStatus HTTP/1.1" 200 461 "-" "PostmanRuntime/7.37.3"
::1 - - [05/May/2024:09:55:40 +0000] "GET /post/postType?status=approved HTTP/1.1" 200 869 "-" "PostmanRuntime/7.37.3"
::1 - - [05/May/2024:09:55:49 +0000] "POST /post/ HTTP/1.1" 201 472 "-" "PostmanRuntime/7.37.3"
::1 - - [05/May/2024:09:55:58 +0000] "GET /post/postType?status=pending HTTP/1.1" 200 435 "-" "PostmanRuntime/7.37.3"
::1 - - [05/May/2024:09:57:37 +0000] "GET /post/postType?status=pending HTTP/1.1" 200 454 "-" "PostmanRuntime/7.37.3"
::1 - - [05/May/2024:10:12:09 +0000] "GET /post/postType?status=approved HTTP/1.1" 200 909 "-" "PostmanRuntime/7.37.3"
::1 - - [05/May/2024:10:55:45 +0000] "PATCH /post/6635dea6d1aa8d00331e6712 HTTP/1.1" 401 25 "-" "PostmanRuntime/7.37.3"
::1 - - [05/May/2024:10:56:07 +0000] "PATCH /post/6635dea6d1aa8d00331e6712 HTTP/1.1" 400 39 "-" "PostmanRuntime/7.37.3"
::1 - - [05/May/2024:10:56:32 +0000] "PATCH /post/6635dea6d1aa8d00331e6712 HTTP/1.1" 200 461 "-" "PostmanRuntime/7.37.3"
::1 - - [06/May/2024:16:57:34 +0000] "PUT /post/663753af9b23ab0688062812/updateStatus HTTP/1.1" 404 18 "-" "PostmanRuntime/7.37.3"
::1 - - [06/May/2024:16:57:42 +0000] "PUT /post/updateStatus/663753af9b23ab0688062812 HTTP/1.1" 401 25 "-" "PostmanRuntime/7.37.3"
::1 - - [06/May/2024:16:59:04 +0000] "PUT /post/updateStatus/663753af9b23ab0688062812 HTTP/1.1" 404 28 "-" "PostmanRuntime/7.37.3"
::1 - - [06/Jun/2024:06:15:13 +0000] "POST /getwhitelist HTTP/1.1" 404 18 "-" "PostmanRuntime/7.37.0"
::1 - - [06/Jun/2024:06:16:38 +0000] "POST /post/getwhitelist HTTP/1.1" 400 34 "-" "PostmanRuntime/7.37.0"
::1 - - [06/Jun/2024:06:17:13 +0000] "POST /post/getwhitelist HTTP/1.1" - - "-" "PostmanRuntime/7.37.0"
::1 - - [06/Jun/2024:06:17:22 +0000] "POST /post/getwhitelist HTTP/1.1" 200 161 "-" "PostmanRuntime/7.37.0"
::1 - - [06/Jun/2024:06:17:27 +0000] "POST /post/getwhitelist HTTP/1.1" 200 161 "-" "PostmanRuntime/7.37.0"
::1 - - [06/Jun/2024:06:17:28 +0000] "POST /post/getwhitelist HTTP/1.1" 200 161 "-" "PostmanRuntime/7.37.0"
::1 - - [06/Jun/2024:06:17:29 +0000] "POST /post/getwhitelist HTTP/1.1" 200 161 "-" "PostmanRuntime/7.37.0"
::1 - - [06/Jun/2024:06:17:31 +0000] "POST /post/getwhitelist HTTP/1.1" 200 161 "-" "PostmanRuntime/7.37.0"
::1 - - [06/Jun/2024:06:17:32 +0000] "POST /post/getwhitelist HTTP/1.1" 200 161 "-" "PostmanRuntime/7.37.0"
::1 - - [06/Jun/2024:06:17:33 +0000] "POST /post/getwhitelist HTTP/1.1" 200 161 "-" "PostmanRuntime/7.37.0"
::1 - - [06/Jun/2024:06:17:34 +0000] "POST /post/getwhitelist HTTP/1.1" 200 161 "-" "PostmanRuntime/7.37.0"
::1 - - [06/Jun/2024:06:17:34 +0000] "POST /post/getwhitelist HTTP/1.1" 200 161 "-" "PostmanRuntime/7.37.0"
::1 - - [06/Jun/2024:06:17:35 +0000] "POST /post/getwhitelist HTTP/1.1" 200 161 "-" "PostmanRuntime/7.37.0"
::1 - - [06/Jun/2024:06:17:36 +0000] "POST /post/getwhitelist HTTP/1.1" 200 161 "-" "PostmanRuntime/7.37.0"
::1 - - [06/Jun/2024:06:17:41 +0000] "POST /post/getwhitelist HTTP/1.1" 200 161 "-" "PostmanRuntime/7.37.0"
